{"/Users/evertonbraga/Documents/code/ignite/aulas/02-ignite-timer/.jest/mocks/fileMock.ts": {"path":"/Users/evertonbraga/Documents/code/ignite/aulas/02-ignite-timer/.jest/mocks/fileMock.ts","statementMap":{"0":{"start":{"line":1,"column":0},"end":{"line":1,"column":33}}},"fnMap":{},"branchMap":{},"s":{"0":1},"f":{},"b":{},"_coverageSchema":"1a1c01bbd47fc00a2c39e90264f33305004495a9","hash":"0f6cf3afe008a55cffc9430a500e5da6f8321119"}
,"/Users/evertonbraga/Documents/code/ignite/aulas/02-ignite-timer/src/components/Avatar/index.tsx": {"path":"/Users/evertonbraga/Documents/code/ignite/aulas/02-ignite-timer/src/components/Avatar/index.tsx","statementMap":{"0":{"start":{"line":4,"column":36},"end":{"line":10,"column":1}},"1":{"start":{"line":5,"column":2},"end":{"line":9,"column":3}}},"fnMap":{"0":{"name":"(anonymous_0)","decl":{"start":{"line":4,"column":36},"end":{"line":4,"column":37}},"loc":{"start":{"line":4,"column":42},"end":{"line":10,"column":1}},"line":4}},"branchMap":{},"s":{"0":1,"1":1},"f":{"0":1},"b":{},"_coverageSchema":"1a1c01bbd47fc00a2c39e90264f33305004495a9","hash":"7a704db969c570d8405529e392d6494e2ca34679"}
,"/Users/evertonbraga/Documents/code/ignite/aulas/02-ignite-timer/src/components/Avatar/styles.ts": {"path":"/Users/evertonbraga/Documents/code/ignite/aulas/02-ignite-timer/src/components/Avatar/styles.ts","statementMap":{"0":{"start":{"line":3,"column":23},"end":{"line":3,"column":36}}},"fnMap":{},"branchMap":{},"s":{"0":1},"f":{},"b":{},"_coverageSchema":"1a1c01bbd47fc00a2c39e90264f33305004495a9","hash":"386e5a12b0fa60d7426b0cd414bcb99c8533991e"}
,"/Users/evertonbraga/Documents/code/ignite/aulas/02-ignite-timer/src/components/Header/index.tsx": {"path":"/Users/evertonbraga/Documents/code/ignite/aulas/02-ignite-timer/src/components/Header/index.tsx","statementMap":{"0":{"start":{"line":7,"column":2},"end":{"line":19,"column":3}}},"fnMap":{"0":{"name":"Header","decl":{"start":{"line":6,"column":16},"end":{"line":6,"column":22}},"loc":{"start":{"line":6,"column":25},"end":{"line":20,"column":1}},"line":6}},"branchMap":{},"s":{"0":4},"f":{"0":4},"b":{},"_coverageSchema":"1a1c01bbd47fc00a2c39e90264f33305004495a9","hash":"c2db233933f3e8b9d40a4c3339c260a5b63b8526"}
,"/Users/evertonbraga/Documents/code/ignite/aulas/02-ignite-timer/src/components/Header/styles.ts": {"path":"/Users/evertonbraga/Documents/code/ignite/aulas/02-ignite-timer/src/components/Header/styles.ts","statementMap":{"0":{"start":{"line":3,"column":31},"end":{"line":36,"column":1}},"1":{"start":{"line":4,"column":19},"end":{"line":35,"column":3}}},"fnMap":{"0":{"name":"(anonymous_0)","decl":{"start":{"line":4,"column":4},"end":{"line":4,"column":5}},"loc":{"start":{"line":4,"column":19},"end":{"line":35,"column":3}},"line":4}},"branchMap":{},"s":{"0":1,"1":4},"f":{"0":4},"b":{},"_coverageSchema":"1a1c01bbd47fc00a2c39e90264f33305004495a9","hash":"58f340e3852661112bb7ce015470c6fbc536640d"}
,"/Users/evertonbraga/Documents/code/ignite/aulas/02-ignite-timer/src/pages/History/index.tsx": {"path":"/Users/evertonbraga/Documents/code/ignite/aulas/02-ignite-timer/src/pages/History/index.tsx","statementMap":{"0":{"start":{"line":2,"column":2},"end":{"line":6,"column":3}}},"fnMap":{"0":{"name":"History","decl":{"start":{"line":1,"column":16},"end":{"line":1,"column":23}},"loc":{"start":{"line":1,"column":26},"end":{"line":7,"column":1}},"line":1}},"branchMap":{},"s":{"0":1},"f":{"0":1},"b":{},"_coverageSchema":"1a1c01bbd47fc00a2c39e90264f33305004495a9","hash":"58170d06c7b016407e7f72eecad614ef606f33f3"}
,"/Users/evertonbraga/Documents/code/ignite/aulas/02-ignite-timer/src/pages/Home/index.tsx": {"path":"/Users/evertonbraga/Documents/code/ignite/aulas/02-ignite-timer/src/pages/Home/index.tsx","statementMap":{"0":{"start":{"line":2,"column":2},"end":{"line":6,"column":3}}},"fnMap":{"0":{"name":"Home","decl":{"start":{"line":1,"column":16},"end":{"line":1,"column":20}},"loc":{"start":{"line":1,"column":23},"end":{"line":7,"column":1}},"line":1}},"branchMap":{},"s":{"0":1},"f":{"0":1},"b":{},"_coverageSchema":"1a1c01bbd47fc00a2c39e90264f33305004495a9","hash":"80d2a05bdd0f5253840343ab803a4a7e29b31d00"}
}
