TN:
SF:.jest/mocks/fileMock.ts
FNF:0
FNH:0
DA:1,1
LF:1
LH:1
BRF:0
BRH:0
end_of_record
TN:
SF:src/components/Button/index.tsx
FN:5,Button
FNF:1
FNH:1
FNDA:9,Button
DA:1,1
DA:2,1
DA:3,1
DA:4,1
DA:5,1
DA:6,9
DA:7,9
DA:8,9
DA:9,9
DA:10,9
DA:11,9
DA:12,9
LF:12
LH:12
BRDA:5,0,0,9
BRF:1
BRH:1
end_of_record
TN:
SF:src/components/Button/styles.ts
FNF:0
FNH:0
DA:1,1
DA:2,1
DA:3,1
DA:4,1
DA:5,1
DA:6,9
DA:7,9
DA:8,9
DA:9,9
DA:10,9
DA:11,9
DA:12,9
DA:13,9
DA:14,9
DA:15,9
DA:16,9
DA:17,9
DA:18,9
DA:19,9
DA:20,9
DA:21,9
DA:22,9
DA:23,9
DA:24,2
DA:25,7
DA:26,7
DA:27,7
DA:28,7
DA:29,7
DA:30,7
DA:31,9
DA:32,9
DA:33,9
DA:34,1
LF:34
LH:34
BRDA:5,0,0,9
BRDA:5,1,0,2
BRDA:24,2,0,2
BRDA:24,3,0,1
BRDA:24,4,0,7
BRDA:28,5,0,2
BRF:6
BRH:6
end_of_record
TN:
SF:src/components/Header/index.tsx
FN:7,Header
FNF:1
FNH:1
FNDA:4,Header
DA:1,1
DA:2,1
DA:3,1
DA:4,1
DA:5,1
DA:6,1
DA:7,1
DA:8,4
DA:9,4
DA:10,4
DA:11,4
DA:12,4
DA:13,4
DA:14,4
DA:15,4
DA:16,4
DA:17,4
DA:18,4
DA:19,4
DA:20,4
DA:21,4
LF:21
LH:21
BRDA:7,0,0,4
BRF:1
BRH:1
end_of_record
TN:
SF:src/components/Header/styles.ts
FNF:0
FNH:0
DA:1,1
DA:2,1
DA:3,1
DA:4,1
DA:5,4
DA:6,4
DA:7,4
DA:8,4
DA:9,4
DA:10,4
DA:11,4
DA:12,4
DA:13,4
DA:14,4
DA:15,4
DA:16,4
DA:17,4
DA:18,4
DA:19,4
DA:20,4
DA:21,4
DA:22,4
DA:23,4
DA:24,4
DA:25,4
DA:26,4
DA:27,4
DA:28,4
DA:29,4
DA:30,4
DA:31,4
DA:32,4
DA:33,4
DA:34,4
DA:35,4
DA:36,1
LF:36
LH:36
BRDA:4,0,0,4
BRDA:4,1,0,1
BRF:2
BRH:2
end_of_record
TN:
SF:src/pages/History/index.tsx
FN:4,History
FNF:1
FNH:1
FNDA:1,History
DA:1,1
DA:2,1
DA:3,1
DA:4,1
DA:5,1
DA:6,1
DA:7,1
DA:8,1
DA:9,1
DA:10,1
LF:10
LH:10
BRDA:4,0,0,1
BRF:1
BRH:1
end_of_record
TN:
SF:src/pages/History/styles.ts
FNF:0
FNH:0
DA:1,1
DA:2,1
DA:3,1
LF:3
LH:3
BRF:0
BRH:0
end_of_record
TN:
SF:src/pages/Home/index.tsx
FN:5,Home
FNF:1
FNH:1
FNDA:6,Home
DA:1,1
DA:2,1
DA:3,1
DA:4,1
DA:5,1
DA:6,6
DA:7,6
DA:8,6
DA:9,6
DA:10,6
DA:11,6
DA:12,6
DA:13,6
DA:14,6
DA:15,6
DA:16,6
DA:17,6
DA:18,6
DA:19,6
DA:20,6
DA:21,6
DA:22,6
DA:23,6
DA:24,6
DA:25,6
DA:26,6
DA:27,6
DA:28,6
DA:29,6
DA:30,6
DA:31,6
DA:32,6
DA:33,6
DA:34,6
DA:35,6
DA:36,6
DA:37,6
DA:38,6
DA:39,6
DA:40,6
DA:41,6
DA:42,6
DA:43,6
DA:44,6
DA:45,6
DA:46,6
DA:47,6
DA:48,6
DA:49,6
DA:50,6
DA:51,6
DA:52,6
LF:52
LH:52
BRDA:5,0,0,6
BRF:1
BRH:1
end_of_record
TN:
SF:src/pages/Home/styles.ts
FNF:0
FNH:0
DA:1,1
DA:2,1
DA:3,1
DA:4,1
DA:5,1
DA:6,1
DA:7,1
DA:8,1
DA:9,1
DA:10,1
DA:11,1
DA:12,1
DA:13,1
DA:14,1
DA:15,1
DA:16,1
DA:17,1
DA:18,1
DA:19,1
DA:20,1
DA:21,6
DA:22,6
DA:23,6
DA:24,6
DA:25,6
DA:26,6
DA:27,6
DA:28,6
DA:29,6
DA:30,6
DA:31,1
DA:32,1
DA:33,1
DA:34,1
DA:35,12
DA:36,12
DA:37,12
DA:38,12
DA:39,12
DA:40,12
DA:41,12
DA:42,12
DA:43,12
DA:44,12
DA:45,12
DA:46,12
DA:47,12
DA:48,12
DA:49,12
DA:50,12
DA:51,12
DA:52,12
DA:53,1
DA:54,1
DA:55,1
DA:56,1
DA:57,1
DA:58,1
DA:59,1
DA:60,1
DA:61,1
DA:62,1
DA:63,1
DA:64,1
DA:65,1
DA:66,1
DA:67,1
DA:68,1
DA:69,6
DA:70,6
DA:71,6
DA:72,6
DA:73,6
DA:74,6
DA:75,6
DA:76,6
DA:77,6
DA:78,6
DA:79,6
DA:80,6
DA:81,6
DA:82,6
DA:83,1
DA:84,1
DA:85,1
DA:86,1
DA:87,6
DA:88,6
DA:89,6
DA:90,6
DA:91,6
DA:92,6
DA:93,6
DA:94,6
DA:95,1
LF:95
LH:95
BRDA:20,0,0,6
BRDA:20,1,0,1
BRDA:34,2,0,12
BRDA:34,3,0,1
BRDA:68,4,0,6
BRDA:68,5,0,1
BRDA:86,6,0,6
BRDA:86,7,0,1
BRF:8
BRH:8
end_of_record
TN:
SF:src/styles/themes/default.ts
FNF:0
FNH:0
DA:1,1
DA:2,1
DA:3,1
DA:4,1
DA:5,1
DA:6,1
DA:7,1
DA:8,1
DA:9,1
DA:10,1
DA:11,1
DA:12,1
DA:13,1
DA:14,1
DA:15,1
DA:16,1
DA:17,1
DA:18,1
DA:19,1
DA:20,1
DA:21,1
LF:21
LH:21
BRF:0
BRH:0
end_of_record
